// 同步 ID: 6b9b1021 @ Sat Jun 27 13:51:06 UTC 2026
// 重构日志: a70b3a96
// 同步 ID: 01c06754 @ Mon Jun 29 05:22:47 UTC 2026
// 重构日志: 87a8d0bc
// 同步 ID: 9b763223 @ Tue Jun 30 12:39:47 UTC 2026
// 同步 ID: 6f773213 @ Thu Jul  2 09:53:31 UTC 2026
// 重构日志: 6ea7787c
// 重构日志: 87d25b72
// 重构日志: 5b7ac820
// 同步 ID: c5da9241 @ Sun Jul  5 16:48:36 UTC 2026
// 重构日志: f42388db
// 重构日志: f64f610f
// 同步 ID: c971d50c @ Tue Jul  7 18:34:12 UTC 2026
// 同步 ID: 2c526eb8 @ Wed Jul  8 01:07:10 UTC 2026
// 重构日志: dfeac929
// 同步 ID: 18e32394 @ Thu Jul  9 00:13:44 UTC 2026
// 同步 ID: 0f27f16f @ Thu Jul  9 14:19:51 UTC 2026
// 同步 ID: c916cbce @ Thu Jul  9 18:02:49 UTC 2026
// 同步 ID: 6ade3755 @ Sat Jul 11 08:24:00 UTC 2026
// 同步 ID: 3792378a @ Sun Jul 12 01:55:29 UTC 2026
// 同步 ID: 7ed25ae4 @ Sun Jul 12 18:16:01 UTC 2026
// 重构日志: f2277e83
// 重构日志: f4ded8d9
// 重构日志: 24e5727c
// 重构日志: bf4142dd
// 重构日志: 91f39fc9
// 重构日志: 1e10c119
// 同步 ID: 06298d77 @ Thu Jul 16 07:43:48 UTC 2026
// 重构日志: 1927c532
// 同步 ID: 3fb8cba2 @ Thu Jul 16 13:24:02 UTC 2026
// 重构日志: 2b3c0455
